2018-08-22 15:09:54 INFO [MongoJoinPara.java:25] - ----接口地址----：https://test.dascomyun.cn/autoservice_user/v1.0/common/user/rainbow
2018-08-22 15:09:54 INFO [MongoJoinPara.java:31] - ------调用get请求----
2018-08-22 15:09:54 INFO [MongoJoinPara.java:25] - ----接口地址----：https://test.dascomyun.cn/autoservice_user/v1.0/common/sessionnull
2018-08-22 15:09:54 INFO [MongoJoinPara.java:34] - ------调用post请求----
2018-08-22 15:11:25 INFO [MongoJoinPara.java:26] - ----接口地址----：https://test.dascomyun.cn/autoservice_user/v1.0/common/user/rainbow
2018-08-22 15:11:25 INFO [MongoJoinPara.java:32] - ------调用get请求----
2018-08-22 15:11:25 INFO [MongoJoinPara.java:26] - ----接口地址----：https://test.dascomyun.cn/autoservice_user/v1.0/common/session
2018-08-22 15:11:25 INFO [MongoJoinPara.java:35] - ------调用post请求----
2018-08-22 15:21:41 INFO [MongoJoinPara.java:28] - ----接口地址----：https://test.dascomyun.cn/autoservice_user/v1.0/common/user/rainbow
2018-08-22 15:21:41 INFO [MongoJoinPara.java:36] - ------调用get请求----
2018-08-22 15:21:43 INFO [MongoJoinPara.java:28] - ----接口地址----：https://test.dascomyun.cn/autoservice_user/v1.0/common/session
2018-08-22 15:21:43 INFO [MongoJoinPara.java:40] - ------调用post请求----
2018-08-22 15:21:47 INFO [MongoJoinPara.java:42] - ------请求参数------：{"user":"rainbow","pwd":"12345678"}
2018-08-22 15:23:02 INFO [MongoJoinPara.java:28] - ----接口地址----：https://test.dascomyun.cn/autoservice_user/v1.0/common/user/rainbow
2018-08-22 15:23:02 INFO [MongoJoinPara.java:36] - ------调用get请求----
2018-08-22 15:23:02 INFO [MongoJoinPara.java:28] - ----接口地址----：https://test.dascomyun.cn/autoservice_user/v1.0/common/session
2018-08-22 15:23:02 INFO [MongoJoinPara.java:40] - ------调用post请求----
2018-08-22 15:23:02 INFO [MongoJoinPara.java:42] - ------请求参数------：{"user":"rainbow","pwd":"12345678"}
2018-08-22 15:25:56 INFO [MongoJoinPara.java:28] - ------接口地址------：https://test.dascomyun.cn/autoservice_user/v1.0/common/user/rainbow
2018-08-22 15:25:56 INFO [MongoJoinPara.java:36] - ------调用get请求----
2018-08-22 15:26:57 INFO [MongoJoinPara.java:28] - ------接口地址------：https://test.dascomyun.cn/autoservice_user/v1.0/common/user/rainbow
2018-08-22 15:26:57 INFO [MongoJoinPara.java:36] - ------调用get请求----
2018-08-22 15:26:57 INFO [MongoJoinPara.java:28] - ------接口地址------：https://test.dascomyun.cn/autoservice_user/v1.0/common/session
2018-08-22 15:26:57 INFO [MongoJoinPara.java:40] - ------调用post请求----
2018-08-22 15:26:57 INFO [MongoJoinPara.java:42] - ------请求参数------：{"user":"rainbow","pwd":"12345678"}
2018-08-22 15:46:20 INFO [RedisJoinPara.java:22] - ------接口地址------：https://test.dascomyun.cn/null/v1.0/common/sessionnull
2018-08-22 15:46:20 INFO [RedisJoinPara.java:29] - ------调用post请求----
2018-08-22 15:46:20 INFO [RedisJoinPara.java:31] - ------请求参数------：{"user":"rainbow","pwd":"12345678"}
2018-08-22 15:46:20 INFO [RedisJoinPara.java:22] - ------接口地址------：https://test.dascomyun.cn/null/v1.0/common/usernull
2018-08-22 15:46:20 INFO [RedisJoinPara.java:25] - ------调用get请求----
2018-08-22 15:51:06 INFO [InterfaceController.java:47] - redis没有数据，从mongodb中导入
2018-08-22 15:51:06 INFO [InterfaceController.java:52] - 存入redis成功
2018-08-22 15:51:06 INFO [InterfaceController.java:59] - 总耗时：32
2018-08-22 15:52:06 INFO [MongoJoinPara.java:28] - ------接口地址------：https://test.dascomyun.cn/autoservice_user/v1.0/common/user/rainbow
2018-08-22 15:52:06 INFO [MongoJoinPara.java:36] - ------调用get请求----
2018-08-22 15:52:06 INFO [MongoJoinPara.java:28] - ------接口地址------：https://test.dascomyun.cn/autoservice_user/v1.0/common/session
2018-08-22 15:52:06 INFO [MongoJoinPara.java:40] - ------调用post请求----
2018-08-22 15:52:06 INFO [MongoJoinPara.java:42] - ------请求参数------：{"user":"rainbow","pwd":"12345678"}
2018-08-22 15:52:34 INFO [RedisJoinPara.java:25] - ------接口地址------：https://test.dascomyun.cn/autoservice_user/v1.0/common/session
2018-08-22 15:52:34 INFO [RedisJoinPara.java:32] - ------调用post请求----
2018-08-22 15:52:34 INFO [RedisJoinPara.java:34] - ------请求参数------：{"user":"rainbow","pwd":"12345678"}
2018-08-22 15:52:34 INFO [RedisJoinPara.java:25] - ------接口地址------：https://test.dascomyun.cn/autoservice_user/v1.0/common/user
2018-08-22 15:52:34 INFO [RedisJoinPara.java:28] - ------调用get请求----
2018-08-22 15:54:10 INFO [RedisJoinPara.java:25] - ------接口地址------：https://test.dascomyun.cn/autoservice_user/v1.0/common/session
2018-08-22 15:54:10 INFO [RedisJoinPara.java:32] - ------调用post请求----
2018-08-22 15:54:10 INFO [RedisJoinPara.java:34] - ------请求参数------：{"user":"rainbow","pwd":"12345678"}
2018-08-22 15:54:10 INFO [RedisJoinPara.java:25] - ------接口地址------：https://test.dascomyun.cn/autoservice_user/v1.0/common/user/rainbow
2018-08-22 15:54:10 INFO [RedisJoinPara.java:28] - ------调用get请求----
