2018-08-22 16:07:32 INFO [InterfaceController.java:48] - ------从mongodb中读取数据------
2018-08-22 16:07:32 INFO [MongoJoinPara.java:28] - ------接口地址------：https://test.dascomyun.cn/autoservice_user/v1.0/common/user/rainbow
2018-08-22 16:07:32 INFO [MongoJoinPara.java:36] - ------调用get请求----
2018-08-22 16:07:32 INFO [InterfaceController.java:53] - redis没有数据，从mongodb中导入
2018-08-22 16:07:32 INFO [MongoJoinPara.java:28] - ------接口地址------：https://test.dascomyun.cn/autoservice_user/v1.0/common/session
2018-08-22 16:07:32 INFO [MongoJoinPara.java:40] - ------调用post请求----
2018-08-22 16:07:32 INFO [MongoJoinPara.java:42] - ------请求参数------：{"user":"rainbow","pwd":"12345678"}
2018-08-22 16:07:32 INFO [InterfaceController.java:53] - redis没有数据，从mongodb中导入
2018-08-22 16:07:32 INFO [InterfaceController.java:56] - 存入redis成功
2018-08-22 16:07:32 INFO [InterfaceController.java:68] - 总耗时：245
2018-08-22 16:07:49 INFO [InterfaceController.java:58] - 从redis中读取数据！
2018-08-22 16:07:49 INFO [RedisJoinPara.java:25] - ------接口地址------：https://test.dascomyun.cn/autoservice_user/v1.0/common/session
2018-08-22 16:07:49 INFO [RedisJoinPara.java:32] - ------调用post请求----
2018-08-22 16:07:50 INFO [RedisJoinPara.java:34] - ------请求参数------：{"user":"rainbow","pwd":"12345678"}
2018-08-22 16:07:50 INFO [RedisJoinPara.java:25] - ------接口地址------：https://test.dascomyun.cn/autoservice_user/v1.0/common/user/rainbow
2018-08-22 16:07:50 INFO [RedisJoinPara.java:28] - ------调用get请求----
2018-08-22 16:07:50 INFO [InterfaceController.java:68] - 总耗时：144
2018-08-22 16:36:27 INFO [InterfaceController.java:58] - 从redis中读取数据！
2018-08-22 16:36:27 INFO [RedisJoinPara.java:25] - ------接口地址------：https://test.dascomyun.cn/autoservice_user/v1.0/common/session
2018-08-22 16:36:27 INFO [RedisJoinPara.java:32] - ------调用post请求----
2018-08-22 16:36:30 INFO [RedisJoinPara.java:34] - ------请求参数------：{"user":"rainbow","pwd":"12345678"}
2018-08-22 16:36:30 INFO [RedisJoinPara.java:25] - ------接口地址------：https://test.dascomyun.cn/autoservice_user/v1.0/common/user/rainbo
2018-08-22 16:36:30 INFO [RedisJoinPara.java:28] - ------调用get请求----
2018-08-22 16:36:30 INFO [InterfaceController.java:68] - 总耗时：3301
2018-08-22 16:36:59 INFO [InterfaceController.java:58] - 从redis中读取数据！
2018-08-22 16:36:59 INFO [RedisJoinPara.java:25] - ------接口地址------：https://test.dascomyun.cn/autoservice_user/v1.0/common/session
2018-08-22 16:36:59 INFO [RedisJoinPara.java:32] - ------调用post请求----
2018-08-22 16:36:59 INFO [RedisJoinPara.java:34] - ------请求参数------：{"user":"rainbow","pwd":"12345678"}
2018-08-22 16:36:59 INFO [RedisJoinPara.java:25] - ------接口地址------：https://test.dascomyun.cn/autoservice_user/v1.0/common/user/rainbo
2018-08-22 16:36:59 INFO [RedisJoinPara.java:28] - ------调用get请求----
2018-08-22 16:36:59 INFO [InterfaceController.java:68] - 总耗时：193
2018-08-22 16:37:22 INFO [InterfaceController.java:58] - 从redis中读取数据！
2018-08-22 16:37:22 INFO [RedisJoinPara.java:25] - ------接口地址------：https://test.dascomyun.cn/autoservice_user/v1.0/common/session
2018-08-22 16:37:22 INFO [RedisJoinPara.java:32] - ------调用post请求----
2018-08-22 16:37:23 INFO [RedisJoinPara.java:34] - ------请求参数------：{"user":"rainbow","pwd":"12345678"}
2018-08-22 16:37:23 INFO [RedisJoinPara.java:25] - ------接口地址------：https://test.dascomyun.cn/autoservice_user/v1.0/common/user/rainbo
2018-08-22 16:37:23 INFO [RedisJoinPara.java:28] - ------调用get请求----
2018-08-22 16:37:23 INFO [InterfaceController.java:68] - 总耗时：165
2018-08-22 16:38:05 INFO [InterfaceController.java:58] - 从redis中读取数据！
2018-08-22 16:38:05 INFO [RedisJoinPara.java:25] - ------接口地址------：https://test.dascomyun.cn/autoservice_user/v1.0/common/session
2018-08-22 16:38:05 INFO [RedisJoinPara.java:32] - ------调用post请求----
2018-08-22 16:38:05 INFO [RedisJoinPara.java:34] - ------请求参数------：{"user":"rainbow","pwd":"12345678"}
2018-08-22 16:38:05 INFO [RedisJoinPara.java:25] - ------接口地址------：https://test.dascomyun.cn/autoservice_user/v1.0/common/user/rainbo
2018-08-22 16:38:05 INFO [RedisJoinPara.java:28] - ------调用get请求----
2018-08-22 16:38:05 INFO [InterfaceController.java:68] - 总耗时：150
2018-08-22 16:38:37 INFO [InterfaceController.java:48] - ------从mongodb中读取数据------
2018-08-22 16:38:37 INFO [MongoJoinPara.java:28] - ------接口地址------：https://test.dascomyun.cn/autoservice_user/v1.0/common/user/rainbow
2018-08-22 16:38:37 INFO [MongoJoinPara.java:36] - ------调用get请求----
2018-08-22 16:38:38 INFO [InterfaceController.java:53] - redis没有数据，从mongodb中导入
2018-08-22 16:38:38 INFO [MongoJoinPara.java:28] - ------接口地址------：https://test.dascomyun.cn/autoservice_user/v1.0/common/session
2018-08-22 16:38:38 INFO [MongoJoinPara.java:40] - ------调用post请求----
2018-08-22 16:38:38 INFO [MongoJoinPara.java:42] - ------请求参数------：{"user":"rainbow","pwd":"12345678"}
2018-08-22 16:38:38 INFO [InterfaceController.java:53] - redis没有数据，从mongodb中导入
2018-08-22 16:38:38 INFO [InterfaceController.java:56] - 存入redis成功
2018-08-22 16:38:38 INFO [InterfaceController.java:68] - 总耗时：1377
2018-08-22 16:39:36 INFO [InterfaceController.java:58] - 从redis中读取数据！
2018-08-22 16:39:36 INFO [RedisJoinPara.java:25] - ------接口地址------：https://test.dascomyun.cn/autoservice_user/v1.0/common/session
2018-08-22 16:39:36 INFO [RedisJoinPara.java:32] - ------调用post请求----
2018-08-22 16:39:36 INFO [RedisJoinPara.java:34] - ------请求参数------：{"user":"rainbow","pwd":"12345678"}
2018-08-22 16:39:36 INFO [RedisJoinPara.java:25] - ------接口地址------：https://test.dascomyun.cn/autoservice_user/v1.0/common/user/rainbow
2018-08-22 16:39:36 INFO [RedisJoinPara.java:28] - ------调用get请求----
2018-08-22 16:39:36 INFO [InterfaceController.java:68] - 总耗时：129
2018-08-22 16:39:56 INFO [InterfaceController.java:58] - 从redis中读取数据！
2018-08-22 16:39:56 INFO [RedisJoinPara.java:25] - ------接口地址------：https://test.dascomyun.cn/autoservice_user/v1.0/common/session
2018-08-22 16:39:56 INFO [RedisJoinPara.java:32] - ------调用post请求----
2018-08-22 16:39:56 INFO [RedisJoinPara.java:34] - ------请求参数------：{"user":"rainbow","pwd":"12345678"}
2018-08-22 16:39:56 INFO [RedisJoinPara.java:25] - ------接口地址------：https://test.dascomyun.cn/autoservice_user/v1.0/common/user/rainbow
2018-08-22 16:39:56 INFO [RedisJoinPara.java:28] - ------调用get请求----
2018-08-22 16:39:56 INFO [InterfaceController.java:68] - 总耗时：138
2018-08-22 16:40:03 INFO [InterfaceController.java:58] - 从redis中读取数据！
2018-08-22 16:40:03 INFO [RedisJoinPara.java:25] - ------接口地址------：https://test.dascomyun.cn/autoservice_user/v1.0/common/session
2018-08-22 16:40:03 INFO [RedisJoinPara.java:32] - ------调用post请求----
2018-08-22 16:40:03 INFO [RedisJoinPara.java:34] - ------请求参数------：{"user":"rainbow","pwd":"12345678"}
2018-08-22 16:40:03 INFO [RedisJoinPara.java:25] - ------接口地址------：https://test.dascomyun.cn/autoservice_user/v1.0/common/user/rainbow
2018-08-22 16:40:03 INFO [RedisJoinPara.java:28] - ------调用get请求----
2018-08-22 16:40:03 INFO [InterfaceController.java:68] - 总耗时：130
2018-08-22 16:40:05 INFO [InterfaceController.java:58] - 从redis中读取数据！
2018-08-22 16:40:05 INFO [RedisJoinPara.java:25] - ------接口地址------：https://test.dascomyun.cn/autoservice_user/v1.0/common/session
2018-08-22 16:40:05 INFO [RedisJoinPara.java:32] - ------调用post请求----
2018-08-22 16:40:05 INFO [RedisJoinPara.java:34] - ------请求参数------：{"user":"rainbow","pwd":"12345678"}
2018-08-22 16:40:05 INFO [RedisJoinPara.java:25] - ------接口地址------：https://test.dascomyun.cn/autoservice_user/v1.0/common/user/rainbow
2018-08-22 16:40:05 INFO [RedisJoinPara.java:28] - ------调用get请求----
2018-08-22 16:40:05 INFO [InterfaceController.java:68] - 总耗时：134
2018-08-22 16:40:06 INFO [InterfaceController.java:58] - 从redis中读取数据！
2018-08-22 16:40:06 INFO [RedisJoinPara.java:25] - ------接口地址------：https://test.dascomyun.cn/autoservice_user/v1.0/common/session
2018-08-22 16:40:06 INFO [RedisJoinPara.java:32] - ------调用post请求----
2018-08-22 16:40:06 INFO [RedisJoinPara.java:34] - ------请求参数------：{"user":"rainbow","pwd":"12345678"}
2018-08-22 16:40:06 INFO [RedisJoinPara.java:25] - ------接口地址------：https://test.dascomyun.cn/autoservice_user/v1.0/common/user/rainbow
2018-08-22 16:40:06 INFO [RedisJoinPara.java:28] - ------调用get请求----
2018-08-22 16:40:07 INFO [InterfaceController.java:68] - 总耗时：138
2018-08-22 16:42:28 INFO [InterfaceController.java:58] - 从redis中读取数据！
2018-08-22 16:42:28 INFO [RedisJoinPara.java:25] - ------接口地址------：https://test.dascomyun.cn/autoservice_user/v1.0/common/session
2018-08-22 16:42:28 INFO [RedisJoinPara.java:32] - ------调用post请求----
2018-08-22 16:42:29 INFO [RedisJoinPara.java:34] - ------请求参数------：{"user":"rainbow","pwd":"12345678"}
2018-08-22 16:42:29 INFO [RedisJoinPara.java:25] - ------接口地址------：https://test.dascomyun.cn/autoservice_user/v1.0/common/user/rainbow
2018-08-22 16:42:29 INFO [RedisJoinPara.java:28] - ------调用get请求----
2018-08-22 16:42:29 INFO [InterfaceController.java:68] - 总耗时：146
2018-08-22 16:42:35 INFO [InterfaceController.java:58] - 从redis中读取数据！
2018-08-22 16:42:35 INFO [RedisJoinPara.java:25] - ------接口地址------：https://test.dascomyun.cn/autoservice_user/v1.0/common/session
2018-08-22 16:42:35 INFO [RedisJoinPara.java:32] - ------调用post请求----
2018-08-22 16:42:35 INFO [RedisJoinPara.java:34] - ------请求参数------：{"user":"rainbow","pwd":"12345678"}
2018-08-22 16:42:35 INFO [RedisJoinPara.java:25] - ------接口地址------：https://test.dascomyun.cn/autoservice_user/v1.0/common/user/rainbow
2018-08-22 16:42:35 INFO [RedisJoinPara.java:28] - ------调用get请求----
2018-08-22 16:42:35 INFO [InterfaceController.java:68] - 总耗时：121
2018-08-22 16:42:36 INFO [InterfaceController.java:58] - 从redis中读取数据！
2018-08-22 16:42:36 INFO [RedisJoinPara.java:25] - ------接口地址------：https://test.dascomyun.cn/autoservice_user/v1.0/common/session
2018-08-22 16:42:36 INFO [RedisJoinPara.java:32] - ------调用post请求----
2018-08-22 16:42:36 INFO [RedisJoinPara.java:34] - ------请求参数------：{"user":"rainbow","pwd":"12345678"}
2018-08-22 16:42:36 INFO [RedisJoinPara.java:25] - ------接口地址------：https://test.dascomyun.cn/autoservice_user/v1.0/common/user/rainbow
2018-08-22 16:42:36 INFO [RedisJoinPara.java:28] - ------调用get请求----
2018-08-22 16:42:36 INFO [InterfaceController.java:68] - 总耗时：137
2018-08-22 16:42:37 INFO [InterfaceController.java:58] - 从redis中读取数据！
2018-08-22 16:42:37 INFO [RedisJoinPara.java:25] - ------接口地址------：https://test.dascomyun.cn/autoservice_user/v1.0/common/session
2018-08-22 16:42:37 INFO [RedisJoinPara.java:32] - ------调用post请求----
2018-08-22 16:42:37 INFO [RedisJoinPara.java:34] - ------请求参数------：{"user":"rainbow","pwd":"12345678"}
2018-08-22 16:42:37 INFO [RedisJoinPara.java:25] - ------接口地址------：https://test.dascomyun.cn/autoservice_user/v1.0/common/user/rainbow
2018-08-22 16:42:37 INFO [RedisJoinPara.java:28] - ------调用get请求----
2018-08-22 16:42:37 INFO [InterfaceController.java:68] - 总耗时：120
2018-08-22 16:43:14 INFO [InterfaceController.java:58] - 从redis中读取数据！
2018-08-22 16:43:14 INFO [RedisJoinPara.java:25] - ------接口地址------：https://test.dascomyun.cn/autoservice_user/v1.0/common/session
2018-08-22 16:43:14 INFO [RedisJoinPara.java:32] - ------调用post请求----
2018-08-22 16:43:14 INFO [RedisJoinPara.java:34] - ------请求参数------：{"user":"rainbow","pwd":"12345678"}
2018-08-22 16:43:14 INFO [RedisJoinPara.java:25] - ------接口地址------：https://test.dascomyun.cn/autoservice_user/v1.0/common/user/rainbow
2018-08-22 16:43:14 INFO [RedisJoinPara.java:28] - ------调用get请求----
2018-08-22 16:43:14 INFO [InterfaceController.java:68] - 总耗时：160
2018-08-22 16:43:15 INFO [InterfaceController.java:58] - 从redis中读取数据！
2018-08-22 16:43:15 INFO [RedisJoinPara.java:25] - ------接口地址------：https://test.dascomyun.cn/autoservice_user/v1.0/common/session
2018-08-22 16:43:15 INFO [RedisJoinPara.java:32] - ------调用post请求----
2018-08-22 16:43:15 INFO [RedisJoinPara.java:34] - ------请求参数------：{"user":"rainbow","pwd":"12345678"}
2018-08-22 16:43:15 INFO [RedisJoinPara.java:25] - ------接口地址------：https://test.dascomyun.cn/autoservice_user/v1.0/common/user/rainbow
2018-08-22 16:43:15 INFO [RedisJoinPara.java:28] - ------调用get请求----
2018-08-22 16:43:15 INFO [InterfaceController.java:68] - 总耗时：160
2018-08-22 16:43:16 INFO [InterfaceController.java:58] - 从redis中读取数据！
2018-08-22 16:43:16 INFO [RedisJoinPara.java:25] - ------接口地址------：https://test.dascomyun.cn/autoservice_user/v1.0/common/session
2018-08-22 16:43:16 INFO [RedisJoinPara.java:32] - ------调用post请求----
2018-08-22 16:43:16 INFO [RedisJoinPara.java:34] - ------请求参数------：{"user":"rainbow","pwd":"12345678"}
2018-08-22 16:43:16 INFO [RedisJoinPara.java:25] - ------接口地址------：https://test.dascomyun.cn/autoservice_user/v1.0/common/user/rainbow
2018-08-22 16:43:16 INFO [RedisJoinPara.java:28] - ------调用get请求----
2018-08-22 16:43:16 INFO [InterfaceController.java:68] - 总耗时：128
2018-08-22 16:43:16 INFO [InterfaceController.java:58] - 从redis中读取数据！
2018-08-22 16:43:16 INFO [RedisJoinPara.java:25] - ------接口地址------：https://test.dascomyun.cn/autoservice_user/v1.0/common/session
2018-08-22 16:43:16 INFO [RedisJoinPara.java:32] - ------调用post请求----
2018-08-22 16:43:16 INFO [RedisJoinPara.java:34] - ------请求参数------：{"user":"rainbow","pwd":"12345678"}
2018-08-22 16:43:16 INFO [RedisJoinPara.java:25] - ------接口地址------：https://test.dascomyun.cn/autoservice_user/v1.0/common/user/rainbow
2018-08-22 16:43:16 INFO [RedisJoinPara.java:28] - ------调用get请求----
2018-08-22 16:43:17 INFO [InterfaceController.java:68] - 总耗时：173
