2018-08-23 13:31:22 INFO [InterfaceController.java:58] - 从redis中读取数据！
2018-08-23 13:31:59 INFO [InterfaceController.java:58] - 从redis中读取数据！
2018-08-23 13:31:59 INFO [RedisJoinPara.java:25] - ------接口地址------：https://test.dascomyun.cn/autoservice_user/v1.0/common/session
2018-08-23 13:31:59 INFO [RedisJoinPara.java:32] - ------调用post请求----
2018-08-23 13:32:02 INFO [RedisJoinPara.java:34] - ------请求参数------：{"user":"rainbow","pwd":"12345678"}
2018-08-23 13:32:02 INFO [RedisJoinPara.java:25] - ------接口地址------：https://test.dascomyun.cn/autoservice_user/v1.0/common/user/rainbow
2018-08-23 13:32:02 INFO [RedisJoinPara.java:28] - ------调用get请求----
2018-08-23 13:32:02 INFO [InterfaceController.java:68] - 总耗时：3291
2018-08-23 13:32:09 INFO [InterfaceController.java:58] - 从redis中读取数据！
2018-08-23 13:32:09 INFO [RedisJoinPara.java:25] - ------接口地址------：https://test.dascomyun.cn/autoservice_user/v1.0/common/session
2018-08-23 13:32:09 INFO [RedisJoinPara.java:32] - ------调用post请求----
2018-08-23 13:32:09 INFO [RedisJoinPara.java:34] - ------请求参数------：{"user":"rainbow","pwd":"12345678"}
2018-08-23 13:32:09 INFO [RedisJoinPara.java:25] - ------接口地址------：https://test.dascomyun.cn/autoservice_user/v1.0/common/user/rainbow
2018-08-23 13:32:09 INFO [RedisJoinPara.java:28] - ------调用get请求----
2018-08-23 13:32:09 INFO [InterfaceController.java:68] - 总耗时：147
2018-08-23 13:32:15 INFO [InterfaceController.java:58] - 从redis中读取数据！
2018-08-23 13:32:15 INFO [RedisJoinPara.java:25] - ------接口地址------：https://test.dascomyun.cn/autoservice_user/v1.0/common/session
2018-08-23 13:32:15 INFO [RedisJoinPara.java:32] - ------调用post请求----
2018-08-23 13:32:15 INFO [RedisJoinPara.java:34] - ------请求参数------：{"user":"rainbow","pwd":"12345678"}
2018-08-23 13:32:15 INFO [RedisJoinPara.java:25] - ------接口地址------：https://test.dascomyun.cn/autoservice_user/v1.0/common/user/rainbow
2018-08-23 13:32:15 INFO [RedisJoinPara.java:28] - ------调用get请求----
2018-08-23 13:32:16 INFO [InterfaceController.java:68] - 总耗时：134
2018-08-23 13:32:55 INFO [InterfaceController.java:48] - ------从mongodb中读取数据------
2018-08-23 13:32:55 INFO [MongoJoinPara.java:28] - ------接口地址------：https://test.dascomyun.cn/autoservice_user/v1.0/common/user/rainbow
2018-08-23 13:32:55 INFO [MongoJoinPara.java:36] - ------调用get请求----
2018-08-23 13:32:56 INFO [InterfaceController.java:53] - redis没有数据，从mongodb中导入
2018-08-23 13:32:56 INFO [MongoJoinPara.java:28] - ------接口地址------：https://test.dascomyun.cn/autoservice_user/v1.0/common/session
2018-08-23 13:32:56 INFO [MongoJoinPara.java:40] - ------调用post请求----
2018-08-23 13:32:56 INFO [MongoJoinPara.java:42] - ------请求参数------：{"user":"rainbow","pwd":"12345678"}
2018-08-23 13:32:56 INFO [InterfaceController.java:53] - redis没有数据，从mongodb中导入
2018-08-23 13:32:56 INFO [InterfaceController.java:56] - 存入redis成功
2018-08-23 13:32:56 INFO [InterfaceController.java:68] - 总耗时：325
2018-08-23 13:33:05 INFO [InterfaceController.java:58] - 从redis中读取数据！
2018-08-23 13:33:05 INFO [RedisJoinPara.java:25] - ------接口地址------：https://test.dascomyun.cn/autoservice_user/v1.0/common/session
2018-08-23 13:33:05 INFO [RedisJoinPara.java:32] - ------调用post请求----
2018-08-23 13:33:05 INFO [RedisJoinPara.java:34] - ------请求参数------：{"user":"rainbow","pwd":"12345678"}
2018-08-23 13:33:05 INFO [RedisJoinPara.java:25] - ------接口地址------：https://test.dascomyun.cn/autoservice_user/v1.0/common/user/rainbow
2018-08-23 13:33:05 INFO [RedisJoinPara.java:28] - ------调用get请求----
2018-08-23 13:33:05 INFO [InterfaceController.java:68] - 总耗时：157
2018-08-23 13:35:05 INFO [InterfaceController.java:58] - 从redis中读取数据！
